{"level":"info","message":{"_id":"63207f5c7aecf2122f79631f","createdAt":"2022-09-13T13:02:20.108Z","name":"log test","updatedAt":"2022-09-13T13:02:20.108Z"},"service":"user-service"}
{"level":"info","message":{"_id":"632323a24fd4c7b013617356","createdAt":"2022-09-15T13:07:46.378Z","name":"araba","updatedAt":"2022-09-15T13:07:46.378Z"},"service":"post-service"}
{"level":"info","message":{"_id":"632323ae4fd4c7b013617358","createdAt":"2022-09-15T13:07:58.158Z","name":"araba2","updatedAt":"2022-09-15T13:07:58.158Z"},"service":"post-service"}
{"level":"info","message":{"_id":"63238ff86225b00573188071","createdAt":"2022-09-15T20:50:00.246Z","name":"araba2","updatedAt":"2022-09-15T20:50:00.246Z"},"service":"post-service"}
{"level":"info","message":{"_id":"632390026225b00573188073","createdAt":"2022-09-15T20:50:10.092Z","name":"araba2","updatedAt":"2022-09-15T20:50:10.092Z"},"service":"post-service"}
{"level":"info","message":{"_id":"632392556b06cdea2924ff80","createdAt":"2022-09-15T21:00:05.845Z","name":"mustafa post","updatedAt":"2022-09-15T21:00:05.845Z","user_id":["63210502fcc720ced23c47d5"]},"service":"post-service"}
{"level":"info","message":{"_id":"63239274e8a34d11d812da91","createdAt":"2022-09-15T21:00:36.881Z","name":"mustafa post2","updatedAt":"2022-09-15T21:00:36.881Z","user_id":["63210502fcc720ced23c47d5"]},"service":"post-service"}
{"level":"info","message":{"_id":"6323929aa14cd179ec92d696","createdAt":"2022-09-15T21:01:14.842Z","name":"mustafa post3","updatedAt":"2022-09-15T21:01:14.842Z","user_id":["63210502fcc720ced23c47d5"]},"service":"post-service"}
{"level":"info","message":{"_id":"632392c266dae1c1cc0ef9fe","createdAt":"2022-09-15T21:01:54.679Z","name":"mustafa post4","updatedAt":"2022-09-15T21:01:54.679Z","user_id":["63210502fcc720ced23c47d5"]},"service":"post-service"}
{"level":"info","message":{"_id":"632393273d6fb7ac3024a974","createdAt":"2022-09-15T21:03:35.669Z","name":"mustafa post5","updatedAt":"2022-09-15T21:03:35.669Z","user_id":[]},"service":"post-service"}
{"level":"info","message":{"_id":"632397b862b7296157419e67","createdAt":"2022-09-15T21:23:04.107Z","name":"mustafa post5","updatedAt":"2022-09-15T21:23:04.107Z","user_id":["63210502fcc720ced23c47d5"]},"service":"post-service"}
{"level":"info","message":{"_id":"6323986b62b7296157419e6c","createdAt":"2022-09-15T21:26:03.247Z","name":"testpost","updatedAt":"2022-09-15T21:26:03.247Z","user_id":["63210502fcc720ced23c47d5"]},"service":"post-service"}
{"level":"info","message":{"_id":"632398fce94bec1688a0f2bc","createdAt":"2022-09-15T21:28:28.009Z","name":"testpost","updatedAt":"2022-09-15T21:28:28.009Z","user_id":["63210502fcc720ced23c47d5"]},"service":"post-service"}
{"level":"info","message":{"_id":"63239b230fdf82755ad5d41a","createdAt":"2022-09-15T21:37:39.562Z","name":"testpost12","updatedAt":"2022-09-15T21:37:39.562Z","user_id":"63210502fcc720ced23c47d5"},"service":"post-service"}
{"level":"info","message":{"_id":"63239b910fdf82755ad5d422","createdAt":"2022-09-15T21:39:29.170Z","name":"testpost123","updatedAt":"2022-09-15T21:39:29.170Z","user_id":"63210502fcc720ced23c47d5"},"service":"post-service"}
{"level":"info","message":{"_id":"63239b930fdf82755ad5d424","createdAt":"2022-09-15T21:39:31.370Z","name":"testpost1235","updatedAt":"2022-09-15T21:39:31.370Z","user_id":"63210502fcc720ced23c47d5"},"service":"post-service"}
{"level":"info","message":{"_id":"6323a24ed4107cd2c55a0a1b","createdAt":"2022-09-15T22:08:14.083Z","name":"testpost1235","updatedAt":"2022-09-15T22:08:14.083Z","user_id":"63210502fcc720ced23c47d5"},"service":"post-service"}
{"level":"info","message":{"_id":"63239b930fdf82755ad5d424","createdAt":"2022-09-15T21:39:31.370Z","name":"updated","updatedAt":"2022-09-15T22:14:06.215Z","user_id":"63210502fcc720ced23c47d5"},"service":"post-service"}
{"level":"info","message":{"_id":"63239b930fdf82755ad5d424","createdAt":"2022-09-15T21:39:31.370Z","name":"updated2","updatedAt":"2022-09-15T22:14:39.259Z","user_id":"63210502fcc720ced23c47d5"},"service":"post-service"}
{"level":"info","message":{"_id":"63289dfbc961041a2b585041","createdAt":"2022-09-19T16:51:07.307Z","name":"postUploadTest","updatedAt":"2022-09-19T16:51:07.307Z","user_id":"63210502fcc720ced23c47d5"},"service":"post-service"}
{"level":"info","message":{"_id":"632b5d3ef18c998a28cf9706","createdAt":"2022-09-21T18:51:42.348Z","name":"deneme baseService postu","updatedAt":"2022-09-21T18:51:42.348Z","user_id":"632b5cd1f18c998a28cf9702"},"service":"post-service"}
{"level":"info","message":{"_id":"632b91e26ceea7fa35251faf","createdAt":"2022-09-21T22:36:18.816Z","name":"async post","updatedAt":"2022-09-21T22:36:18.816Z","user_id":"632b8bd8af6187855d50ca3d"},"service":"post-service"}
